<?xml version="1.0" encoding="UTF-8"?>
<!-- Generated by org.testng.reporters.JUnitReportReporter -->
<testsuite skipped="0" hostname="AJ-PC" name="test.Test1" tests="1" failures="0" timestamp="17 May 2018 09:50:13 GMT" time="23.106" errors="0">
  <testcase name="testcase1" time="23.106" classname="test.Test1"/>
</testsuite> <!-- test.Test1 -->
