<?xml version="1.0" encoding="UTF-8"?>
<!-- Generated by org.testng.reporters.JUnitReportReporter -->
<testsuite skipped="0" hostname="AJ-PC" name="script.Test1" tests="1" failures="0" timestamp="15 May 2018 15:58:40 GMT" time="24.952" errors="0">
  <testcase name="test" time="24.952" classname="script.Test1"/>
</testsuite> <!-- script.Test1 -->
