<?xml version="1.0" encoding="UTF-8"?>
<!-- Generated by org.testng.reporters.JUnitReportReporter -->
<testsuite skipped="0" hostname="AJ-PC" name="script.Test2" tests="1" failures="0" timestamp="15 May 2018 16:31:45 GMT" time="22.243" errors="0">
  <testcase name="test" time="22.243" classname="script.Test2"/>
</testsuite> <!-- script.Test2 -->
